<?xml version="1.0" encoding="UTF-8"?>
<testng-results skipped="0" failed="0" ignored="0" total="1" passed="1">
  <reporter-output>
  </reporter-output>
  <suite name="Ecommerce site automation" duration-ms="13821" started-at="2020-03-21T12:18:06 CDT" finished-at="2020-03-21T12:18:19 CDT">
    <groups>
    </groups>
    <test name="sai pratap ecommerce app test cases" duration-ms="13821" started-at="2020-03-21T12:18:06 CDT" finished-at="2020-03-21T12:18:19 CDT">
      <class name="com.as.testCases.LoginPageTest">
        <test-method status="PASS" signature="setUp()[pri:0, instance:com.as.testCases.LoginPageTest@6c9f5c0d]" name="setUp" is-config="true" duration-ms="10575" started-at="2020-03-21T12:18:06 CDT" finished-at="2020-03-21T12:18:16 CDT">
          <reporter-output>
          </reporter-output>
        </test-method> <!-- setUp -->
        <test-method status="PASS" signature="TestWithSuccessCredentials()[pri:0, instance:com.as.testCases.LoginPageTest@6c9f5c0d]" name="TestWithSuccessCredentials" duration-ms="557" started-at="2020-03-21T12:18:16 CDT" finished-at="2020-03-21T12:18:17 CDT">
          <reporter-output>
          </reporter-output>
        </test-method> <!-- TestWithSuccessCredentials -->
        <test-method status="PASS" signature="Cleanup()[pri:0, instance:com.as.testCases.LoginPageTest@6c9f5c0d]" name="Cleanup" is-config="true" duration-ms="2644" started-at="2020-03-21T12:18:17 CDT" finished-at="2020-03-21T12:18:19 CDT">
          <reporter-output>
          </reporter-output>
        </test-method> <!-- Cleanup -->
      </class> <!-- com.as.testCases.LoginPageTest -->
    </test> <!-- sai pratap ecommerce app test cases -->
  </suite> <!-- Ecommerce site automation -->
</testng-results>
